1 entries in records
Started running calling sequence 1
Executing: CALL click.usp_d_customer(:source_count, :update_count, :insert_count);
Error executing stored procedure usp_d_customer: (psycopg2.errors.UndefinedColumn) column s.customerid does not exist
LINE 3:         customerid           = s.customerid,
                                       ^
HINT:  Perhaps you meant to reference the column "t.customerid" or the column "s.customer_id".
QUERY:  UPDATE click.d_customer t
    SET
        customerid           = s.customerid,
        customername         = s.customername,
        segment              = s.segment,
        createdatetime       = s.createdatetime,
        etlactiveind         = s.etlactiveind,
        etljobname           = s.etljobname,
        envsourcecd          = s.envsourcecd,
        datasourcecd         = s.datasourcecd,
        etlupdateddatetime   = NOW()
    FROM dwh.d_customer s
    WHERE t.customerkey = s.customerkey
CONTEXT:  PL/pgSQL function click.usp_d_customer(integer,integer,integer) line 14 at SQL statement

[SQL: CALL click.usp_d_customer(%(source_count)s, %(update_count)s, %(insert_count)s);]
[parameters: {'source_count': None, 'update_count': None, 'insert_count': None}]
(Background on this error at: https://sqlalche.me/e/20/f405)
Finished d_customer in 0.13 seconds
Finished running calling sequence 1 in 0.1358512000006158 seconds
