1 entries in records
Started running calling sequence 1
Executing: CALL click.usp_d_customer(:source_count, :update_count, :insert_count);
Error executing stored procedure usp_d_customer: (psycopg2.errors.UndefinedColumn) column s.customerid does not exist
LINE 6:         s.customerkey, s.customerid, s.customername, s.segme...
                               ^
HINT:  Perhaps you meant to reference the column "s.customer_id" or the column "t.customerid".
QUERY:  INSERT INTO click.d_customer (
        customerkey, customerid, customername, segment, createdatetime, 
        etlactiveind, etljobname, envsourcecd, datasourcecd, etlcreateddatetime
    )
    SELECT
        s.customerkey, s.customerid, s.customername, s.segment, s.createdatetime, 
        s.etlactiveind, s.etljobname, s.envsourcecd, s.datasourcecd, NOW()
    FROM dwh.d_customer s
    LEFT JOIN click.d_customer t
    ON t.customerkey = s.customerkey
    WHERE t.customerkey IS NULL
CONTEXT:  PL/pgSQL function click.usp_d_customer(integer,integer,integer) line 37 at SQL statement

[SQL: CALL click.usp_d_customer(%(source_count)s, %(update_count)s, %(insert_count)s);]
[parameters: {'source_count': None, 'update_count': None, 'insert_count': None}]
(Background on this error at: https://sqlalche.me/e/20/f405)
Finished d_customer in 0.12 seconds
Finished running calling sequence 1 in 0.11913850000564707 seconds
