1 entries in records
Started running calling sequence 1
Executing: CALL click.usp_d_customer(:source_count, :update_count, :insert_count);
Error executing stored procedure usp_d_customer: (psycopg2.errors.UndefinedColumn) column s.customerid does not exist
LINE 3:         t.customerid           = s.customerid,
                                         ^
HINT:  Perhaps you meant to reference the column "t.customerid" or the column "s.customer_id".
QUERY:  UPDATE click.d_customer t
    SET
        t.customerid           = s.customerid,
        t.customername         = s.customername,
        t.segment              = s.segment,
        t.createdatetime       = s.createdatetime,
        t.etlactiveind         = s.etlactiveind,
        t.etljobname           = s.etljobname,
        t.envsourcecd          = s.envsourcecd,
        t.datasourcecd         = s.datasourcecd,
        t.etlupdateddatetime   = NOW()
    FROM dwh.d_customer s
    WHERE t.customerkey = s.customerkey
CONTEXT:  PL/pgSQL function click.usp_d_customer(integer,integer,integer) line 14 at SQL statement

[SQL: CALL click.usp_d_customer(%(source_count)s, %(update_count)s, %(insert_count)s);]
[parameters: {'source_count': None, 'update_count': None, 'insert_count': None}]
(Background on this error at: https://sqlalche.me/e/20/f405)
Finished d_customer in 0.10 seconds
Finished running calling sequence 1 in 0.10231850000127451 seconds
