2 entries in records
Started running calling sequence 1
Executing: CALL click.usp_d_category();
Error executing stored procedure usp_d_category: (psycopg2.errors.UndefinedColumn) column s.category does not exist
LINE 13:     WHERE t.category   = s.category
                                  ^
HINT:  Perhaps you meant to reference the column "t.category".
QUERY:  UPDATE click.d_category t
    SET	
		categorykey				=   s.categorykey,
		category				=	s.category,
		subcategory				=	s.subcategory,
		createdatetime			=	s.createdatetime,
		etlactiveind            =	s.etlactiveind,
        etljobname              =	s.etljobname,
        envsourcecd             =	s.envsourcecd,
        datasourcecd            =	s.datasourcecd,
        etlupdateddatetime       =	NOW()
    FROM dwh.d_category s
    WHERE t.category			=	s.category
    AND	  t.subcategory			=	s.subcategory
CONTEXT:  PL/pgSQL function click.usp_d_category() line 5 at SQL statement

[SQL: CALL click.usp_d_category();]
(Background on this error at: https://sqlalche.me/e/20/f405)
Finished d_category in 0.04 seconds
Executing: CALL click.usp_f_invoice_summary();
Finished f_invoice_summary in 0.03 seconds
Finished running calling sequence 1 in 0.07422010001027957 seconds
